<?xml version="1.0" encoding="UTF-8"?>
<!-- Generated by org.testng.reporters.JUnitReportReporter -->
<testsuite hostname="Dishita-PC" name="com.test.pagefactory.PageLogin" tests="1" failures="0" timestamp="19 Mar 2017 07:53:05 GMT" time="21.765" errors="0">
  <testcase name="testgoogle" time="21.765" classname="com.test.pagefactory.PageLogin"/>
</testsuite> <!-- com.test.pagefactory.PageLogin -->
