<?xml version="1.0" encoding="UTF-8"?>
<!-- Generated by org.testng.reporters.JUnitReportReporter -->
<testsuite hostname="Dishita-PC" name="com.test.businesslogic.testBusiness" tests="1" failures="0" timestamp="19 Mar 2017 10:20:36 GMT" time="3.774" errors="0">
  <testcase name="testt" time="3.774" classname="com.test.businesslogic.testBusiness"/>
</testsuite> <!-- com.test.businesslogic.testBusiness -->
