<?xml version="1.0" encoding="UTF-8"?>
<!-- Generated by org.testng.reporters.JUnitReportReporter -->
<testsuite hostname="LH7U0CNU3399BK5" name="com.test.testsuite.Demo" tests="1" failures="0" timestamp="23 Jun 2017 13:37:23 GMT" time="32.250" errors="0">
  <testcase name="DemoTesting" time="32.250" classname="com.test.testsuite.Demo"/>
</testsuite> <!-- com.test.testsuite.Demo -->
