<?xml version="1.0" encoding="UTF-8"?>
<!-- Generated by org.testng.reporters.JUnitReportReporter -->
<testsuite hostname="LH7U0CNU2130212" name="com.bpm4.modules.rulesMngr" tests="1" failures="0" timestamp="27 Mar 2014 06:45:38 GMT" time="18.455" errors="0">
  <testcase name="rulesManager" time="18.455" classname="com.bpm4.modules.rulesMngr"/>
</testsuite> <!-- com.bpm4.modules.rulesMngr -->
